### Application: Spanner (O(k)-spanner from MPXV)
### Graph: /cluster/home/timrieder/spanner/graphs-sanitized-gbbs/euemail-core.txt
### Threads: 192
### n: 1005
### m: 32128
### Params: -k = 4 => \beta = \log n/2k = 0.864093
### ------------------------------------
tree edges 936intercluster 49total edges = 985
### Running Time: 0.001345
### ------------------------------------
### Application: Spanner (O(k)-spanner from MPXV)
### Graph: /cluster/home/timrieder/spanner/graphs-sanitized-gbbs/euemail-core.txt
### Threads: 192
### n: 1005
### m: 32128
### Params: -k = 4 => \beta = \log n/2k = 0.864093
### ------------------------------------
tree edges 936intercluster 49total edges = 985
### Running Time: 0.001296
### ------------------------------------
### Application: Spanner (O(k)-spanner from MPXV)
### Graph: /cluster/home/timrieder/spanner/graphs-sanitized-gbbs/euemail-core.txt
### Threads: 192
### n: 1005
### m: 32128
### Params: -k = 4 => \beta = \log n/2k = 0.864093
### ------------------------------------
tree edges 936intercluster 49total edges = 985
### Running Time: 0.001287
### ------------------------------------
# time per iter: 0.00130933
