### Application: Spanner (O(k)-spanner from MPXV)
### Graph: /cluster/home/timrieder/spanner/graphs-sanitized-gbbs/caAstroPh.txt
### Threads: 192
### n: 18771
### m: 396100
### Params: -k = 4 => \beta = \log n/2k = 1.23001
### ------------------------------------
Value of k 4 p 0.914567 
 Total Edges 79026
### Running Time: 1.85893
### ------------------------------------
### Application: Spanner (O(k)-spanner from MPXV)
### Graph: /cluster/home/timrieder/spanner/graphs-sanitized-gbbs/caAstroPh.txt
### Threads: 192
### n: 18771
### m: 396100
### Params: -k = 4 => \beta = \log n/2k = 1.23001
### ------------------------------------
Value of k 4 p 0.914567 
 Total Edges 85130
### Running Time: 4.60254
### ------------------------------------
### Application: Spanner (O(k)-spanner from MPXV)
### Graph: /cluster/home/timrieder/spanner/graphs-sanitized-gbbs/caAstroPh.txt
### Threads: 192
### n: 18771
### m: 396100
### Params: -k = 4 => \beta = \log n/2k = 1.23001
### ------------------------------------
Value of k 4 p 0.914567 
 Total Edges 85130
### Running Time: 2.61236
### ------------------------------------
# time per iter: 3.02461
