### Application: Spanner (O(k)-spanner from MPXV)
### Graph: /cluster/home/timrieder/spanner/graphs-sanitized-gbbs/orkut.txt
### Threads: 128
### n: 3072441
### m: 234370166
### Params: -k = 4 => \beta = \log n/2k = 1.86725
### ------------------------------------
Value of k 4 p 0.976115 
 Total Edges 39354748
### Running Time: 31.9089
### ------------------------------------
### Application: Spanner (O(k)-spanner from MPXV)
### Graph: /cluster/home/timrieder/spanner/graphs-sanitized-gbbs/orkut.txt
### Threads: 128
### n: 3072441
### m: 234370166
### Params: -k = 4 => \beta = \log n/2k = 1.86725
### ------------------------------------
Value of k 4 p 0.976115 
 Total Edges 38492896
### Running Time: 35.5777
### ------------------------------------
### Application: Spanner (O(k)-spanner from MPXV)
### Graph: /cluster/home/timrieder/spanner/graphs-sanitized-gbbs/orkut.txt
### Threads: 128
### n: 3072441
### m: 234370166
### Params: -k = 4 => \beta = \log n/2k = 1.86725
### ------------------------------------
Value of k 4 p 0.976115 
 Total Edges 39304396
### Running Time: 34.9177
### ------------------------------------
# time per iter: 34.1348
