### Application: Spanner (O(k)-spanner from MPXV)
### Graph: /cluster/home/timrieder/spanner/graphs-sanitized-gbbs/wiki.txt
### Threads: 192
### n: 1791489
### m: 50888414
### Params: -k = 4 => \beta = \log n/2k = 1.79982
### ------------------------------------
Spanner size = 1894243
### Running Time: 14.5096
### ------------------------------------
### Application: Spanner (O(k)-spanner from MPXV)
### Graph: /cluster/home/timrieder/spanner/graphs-sanitized-gbbs/wiki.txt
### Threads: 192
### n: 1791489
### m: 50888414
### Params: -k = 4 => \beta = \log n/2k = 1.79982
### ------------------------------------
Spanner size = 1894243
### Running Time: 15.6829
### ------------------------------------
### Application: Spanner (O(k)-spanner from MPXV)
### Graph: /cluster/home/timrieder/spanner/graphs-sanitized-gbbs/wiki.txt
### Threads: 192
### n: 1791489
### m: 50888414
### Params: -k = 4 => \beta = \log n/2k = 1.79982
### ------------------------------------
Spanner size = 1894243
### Running Time: 14.8752
### ------------------------------------
# time per iter: 15.0226
