### Application: Spanner (O(k)-spanner from MPXV)
### Graph: /cluster/home/timrieder/spanner/graphs-sanitized-gbbs/orkut.txt
### Threads: 192
### n: 3072441
### m: 234370166
### Params: -k = 4 => \beta = \log n/2k = 1.86725
### ------------------------------------
tree edges 2960036intercluster 21639127total edges = 24599163
### Running Time: 195.998
### ------------------------------------
### Application: Spanner (O(k)-spanner from MPXV)
### Graph: /cluster/home/timrieder/spanner/graphs-sanitized-gbbs/orkut.txt
### Threads: 192
### n: 3072441
### m: 234370166
### Params: -k = 4 => \beta = \log n/2k = 1.86725
### ------------------------------------
tree edges 2960036intercluster 21794101total edges = 24754137
### Running Time: 193.334
### ------------------------------------
### Application: Spanner (O(k)-spanner from MPXV)
### Graph: /cluster/home/timrieder/spanner/graphs-sanitized-gbbs/orkut.txt
### Threads: 192
### n: 3072441
### m: 234370166
### Params: -k = 4 => \beta = \log n/2k = 1.86725
### ------------------------------------
tree edges 2960036intercluster 22004115total edges = 24964151
### Running Time: 186.369
### ------------------------------------
# time per iter: 191.9
