### Application: Spanner (O(k)-spanner from MPXV)
### Graph: /cluster/home/timrieder/spanner/graphs-sanitized-gbbs/pokec.txt
### Threads: 192
### n: 1632803
### m: 44603928
### Params: -k = 4 => \beta = \log n/2k = 1.78823
### ------------------------------------
Value of k 4 p 0.972025 
 Total Edges 15276318
### Running Time: 20.1148
### ------------------------------------
### Application: Spanner (O(k)-spanner from MPXV)
### Graph: /cluster/home/timrieder/spanner/graphs-sanitized-gbbs/pokec.txt
### Threads: 192
### n: 1632803
### m: 44603928
### Params: -k = 4 => \beta = \log n/2k = 1.78823
### ------------------------------------
Value of k 4 p 0.972025 
 Total Edges 15279439
### Running Time: 26.8337
### ------------------------------------
### Application: Spanner (O(k)-spanner from MPXV)
### Graph: /cluster/home/timrieder/spanner/graphs-sanitized-gbbs/pokec.txt
### Threads: 192
### n: 1632803
### m: 44603928
### Params: -k = 4 => \beta = \log n/2k = 1.78823
### ------------------------------------
Value of k 4 p 0.972025 
 Total Edges 15279439
### Running Time: 24.7603
### ------------------------------------
# time per iter: 23.9029
