### Application: Spanner (O(k)-spanner from MPXV)
### Graph: /cluster/home/timrieder/spanner/graphs-sanitized-gbbs/soc-Epinions1.txt
### Threads: 192
### n: 75888
### m: 811480
### Params: -k = 4 => \beta = \log n/2k = 1.40463
### ------------------------------------
Value of k 4 p 0.939750 
 Total Edges 205182
### Running Time: 3.28446
### ------------------------------------
### Application: Spanner (O(k)-spanner from MPXV)
### Graph: /cluster/home/timrieder/spanner/graphs-sanitized-gbbs/soc-Epinions1.txt
### Threads: 192
### n: 75888
### m: 811480
### Params: -k = 4 => \beta = \log n/2k = 1.40463
### ------------------------------------
Value of k 4 p 0.939750 
 Total Edges 233467
### Running Time: 5.9192
### ------------------------------------
### Application: Spanner (O(k)-spanner from MPXV)
### Graph: /cluster/home/timrieder/spanner/graphs-sanitized-gbbs/soc-Epinions1.txt
### Threads: 192
### n: 75888
### m: 811480
### Params: -k = 4 => \beta = \log n/2k = 1.40463
### ------------------------------------
Value of k 4 p 0.939750 
 Total Edges 233467
### Running Time: 5.2412
### ------------------------------------
# time per iter: 4.81496
