### Application: Spanner (O(k)-spanner from MPXV)
### Graph: /cluster/home/timrieder/spanner/graphs-sanitized-gbbs/soc-hamsterster.txt
### Threads: 192
### n: 2427
### m: 33262
### Params: -k = 4 => \beta = \log n/2k = 0.974301
### ------------------------------------
Spanner size = 4202
### Running Time: 0.000515
### ------------------------------------
### Application: Spanner (O(k)-spanner from MPXV)
### Graph: /cluster/home/timrieder/spanner/graphs-sanitized-gbbs/soc-hamsterster.txt
### Threads: 192
### n: 2427
### m: 33262
### Params: -k = 4 => \beta = \log n/2k = 0.974301
### ------------------------------------
Spanner size = 4202
### Running Time: 0.000468
### ------------------------------------
### Application: Spanner (O(k)-spanner from MPXV)
### Graph: /cluster/home/timrieder/spanner/graphs-sanitized-gbbs/soc-hamsterster.txt
### Threads: 192
### n: 2427
### m: 33262
### Params: -k = 4 => \beta = \log n/2k = 0.974301
### ------------------------------------
Spanner size = 4202
### Running Time: 0.000458
### ------------------------------------
# time per iter: 0.000480333
