### Application: Spanner (O(k)-spanner from MPXV)
### Graph: /cluster/home/timrieder/spanner/graphs-sanitized-gbbs/soc-hamsterster.txt
### Threads: 192
### n: 2427
### m: 33262
### Params: -k = 4 => \beta = \log n/2k = 0.974301
### ------------------------------------
Value of k 4 p 0.857527 
 Total Edges 6883
### Running Time: 0.000735
### ------------------------------------
### Application: Spanner (O(k)-spanner from MPXV)
### Graph: /cluster/home/timrieder/spanner/graphs-sanitized-gbbs/soc-hamsterster.txt
### Threads: 192
### n: 2427
### m: 33262
### Params: -k = 4 => \beta = \log n/2k = 0.974301
### ------------------------------------
Value of k 4 p 0.857527 
 Total Edges 6883
### Running Time: 0.000708
### ------------------------------------
### Application: Spanner (O(k)-spanner from MPXV)
### Graph: /cluster/home/timrieder/spanner/graphs-sanitized-gbbs/soc-hamsterster.txt
### Threads: 192
### n: 2427
### m: 33262
### Params: -k = 4 => \beta = \log n/2k = 0.974301
### ------------------------------------
Value of k 4 p 0.857527 
 Total Edges 6883
### Running Time: 0.000703
### ------------------------------------
# time per iter: 0.000715333
