### Application: Spanner (O(k)-spanner from MPXV)
### Graph: /cluster/home/timrieder/spanner/graphs-sanitized-gbbs/euemail-cleaned.txt
### Threads: 192
### n: 1005
### m: 32128
### Params: -k = 4 => \beta = \log n/2k = 0.864093
### ------------------------------------
Value of k 4 p 0.822394 
 Total Edges 4305
### Running Time: 0.000567
### ------------------------------------
### Application: Spanner (O(k)-spanner from MPXV)
### Graph: /cluster/home/timrieder/spanner/graphs-sanitized-gbbs/euemail-cleaned.txt
### Threads: 192
### n: 1005
### m: 32128
### Params: -k = 4 => \beta = \log n/2k = 0.864093
### ------------------------------------
Value of k 4 p 0.822394 
 Total Edges 4305
### Running Time: 0.00052
### ------------------------------------
### Application: Spanner (O(k)-spanner from MPXV)
### Graph: /cluster/home/timrieder/spanner/graphs-sanitized-gbbs/euemail-cleaned.txt
### Threads: 192
### n: 1005
### m: 32128
### Params: -k = 4 => \beta = \log n/2k = 0.864093
### ------------------------------------
Value of k 4 p 0.822394 
 Total Edges 4305
### Running Time: 0.000519
### ------------------------------------
# time per iter: 0.000535333
