### Application: Spanner (O(k)-spanner from MPXV)
### Graph: /cluster/home/timrieder/spanner/graphs-sanitized-gbbs/youtube.txt
### Threads: 192
### n: 1134890
### m: 5975248
### Params: -k = 4 => \beta = \log n/2k = 1.74276
### ------------------------------------
tree edges 864592intercluster 572364total edges = 1436956
### Running Time: 111.518
### ------------------------------------
### Application: Spanner (O(k)-spanner from MPXV)
### Graph: /cluster/home/timrieder/spanner/graphs-sanitized-gbbs/youtube.txt
### Threads: 192
### n: 1134890
### m: 5975248
### Params: -k = 4 => \beta = \log n/2k = 1.74276
### ------------------------------------
tree edges 864592intercluster 572365total edges = 1436957
### Running Time: 118.599
### ------------------------------------
### Application: Spanner (O(k)-spanner from MPXV)
### Graph: /cluster/home/timrieder/spanner/graphs-sanitized-gbbs/youtube.txt
### Threads: 192
### n: 1134890
### m: 5975248
### Params: -k = 4 => \beta = \log n/2k = 1.74276
### ------------------------------------
tree edges 864592intercluster 572365total edges = 1436957
### Running Time: 114.83
### ------------------------------------
# time per iter: 114.982
